执行时间：2019-09-09 02:14:45:696;执行方法：AdvertisementService.Query;参数：1
执行时间：2019-09-09 02:20:47:952;执行方法：AdvertisementService.Query;参数名称：id
执行时间：2019-09-09 02:40:45:392;执行方法：AdvertisementService.Query(id)
执行时间：2019-09-09 02:41:21:282;执行方法：AdvertisementService.Query(id)
执行时间：2019-09-09 02:41:39:615;执行方法：AdvertisementService.Query(id)
执行时间：2019-09-09 02:41:46:164;执行方法：AdvertisementService.Query(id)
执行时间：2019-09-09 02:41:47:044;执行方法：AdvertisementService.Query(id)
执行时间：2019-09-09 02:41:47:777;执行方法：AdvertisementService.Query(id)
执行时间：2019-09-09 02:55:01:518;执行方法：AdvertisementService.Query(id)
执行时间：2019-09-09 02:56:05:221;执行方法：AdvertisementService.Add(model)
执行时间：2019-09-09 02:56:43:723;执行方法：AdvertisementService.Add(model)
执行时间：2019-09-09 02:56:49:515;执行方法：AdvertisementService.Add(model)
执行时间：2019-09-09 03:03:17:873;执行方法：AdvertisementService.Query(id)
执行时间：2019-09-09 03:03:51:434;执行方法：AdvertisementService.Add(model)
执行时间：2019-09-09 03:04:32:858;执行方法：AdvertisementService.Add(model)
执行时间：2019-09-09 03:04:38:725;执行方法：AdvertisementService.Add(model)
执行时间：2019-09-09 03:08:20:097;执行方法：AdvertisementService.GetAll()
执行时间：2019-09-09 03:08:25:254;执行方法：AdvertisementService.GetAll()
执行时间：2019-09-09 03:08:27:516;执行方法：AdvertisementService.GetAll()
执行时间：2019-09-09 03:09:02:852;执行方法：AdvertisementService.Add(model)
执行时间：2019-09-09 03:09:10:100;执行方法：AdvertisementService.Add(model)
执行时间：2019-09-09 03:09:30:927;执行方法：AdvertisementService.Query(id)
执行时间：2019-09-09 03:09:37:045;执行方法：AdvertisementService.Query(id)
执行时间：2019-09-09 03:09:42:147;执行方法：AdvertisementService.Query(id)
执行时间：2019-09-09 22:26:01:368;执行方法：AdvertisementService.Query(id)
执行时间：2019-09-09 22:27:27:870;执行方法：AdvertisementService.Add(model)
执行时间：2019-09-09 22:30:57:546;执行方法：AdvertisementService.GetAll()
执行时间：2019-09-09 22:31:38:188;执行方法：AdvertisementService.Add(model)
执行时间：2019-09-09 22:32:04:907;执行方法：AdvertisementService.Add(model)
执行时间：2019-09-09 22:32:39:201;执行方法：AdvertisementService.Add(model)
执行时间：2019-09-09 22:40:59:765;执行方法：AdvertisementService.Add(model)
执行时间：2019-09-09 22:41:57:866;执行方法：AdvertisementService.Add(model)
执行时间：2019-09-09 22:42:00:357;执行方法：AdvertisementService.Add(model)
执行时间：2019-09-09 22:42:02:162;执行方法：AdvertisementService.Add(model)
执行时间：2019-09-09 22:43:11:718;执行方法：AdvertisementService.Add(model)
执行时间：2019-09-09 22:44:07:741;执行方法：AdvertisementService.Add(model)
执行时间：2019-09-09 22:45:01:490;执行方法：AdvertisementService.Add(model)
执行时间：2019-09-09 23:35:25:436;执行方法：AdvertisementService.GetAll()
执行时间：2019-09-09 23:36:42:720;执行方法：AdvertisementService.Add(model)
执行时间：2019-09-09 23:38:58:666;执行方法：AdvertisementService.GetAll();【执行错误，错误原因：Object reference not set to an instance of an object.,错误行：   at WebCore.Intrceptors.CoreTranAOP.Intercept(IInvocation invocation) in E:\dff文件\C#文件\Core\WebCore\WebCore\Intrceptors\CoreTranAop.cs:line 25
   at Castle.DynamicProxy.AbstractInvocation.Proceed()
   at WebCore.AOP.CoreLogAOP.Intercept(IInvocation invocation) in E:\dff文件\C#文件\Core\WebCore\WebCore\Intrceptors\CoreLogAOP.cs:line 28】
执行时间：2019-09-09 23:39:41:642;执行方法：AdvertisementService.Add(model);【执行错误，错误原因：Object reference not set to an instance of an object.,错误行：   at WebCore.Intrceptors.CoreTranAOP.Intercept(IInvocation invocation) in E:\dff文件\C#文件\Core\WebCore\WebCore\Intrceptors\CoreTranAop.cs:line 25
   at Castle.DynamicProxy.AbstractInvocation.Proceed()
   at WebCore.AOP.CoreLogAOP.Intercept(IInvocation invocation) in E:\dff文件\C#文件\Core\WebCore\WebCore\Intrceptors\CoreLogAOP.cs:line 28】
执行时间：2019-09-09 23:40:52:489;执行方法：AdvertisementService.Add(model);【执行错误，错误原因：Object reference not set to an instance of an object.,错误行：   at WebCore.Intrceptors.CoreTranAOP.Intercept(IInvocation invocation) in E:\dff文件\C#文件\Core\WebCore\WebCore\Intrceptors\CoreTranAop.cs:line 25
   at Castle.DynamicProxy.AbstractInvocation.Proceed()
   at WebCore.AOP.CoreLogAOP.Intercept(IInvocation invocation) in E:\dff文件\C#文件\Core\WebCore\WebCore\Intrceptors\CoreLogAOP.cs:line 28】
执行时间：2019-09-09 23:41:35:811;执行方法：AdvertisementService.Add(model);【执行错误，错误原因：Object reference not set to an instance of an object.,错误行：   at WebCore.Intrceptors.CoreTranAOP.Intercept(IInvocation invocation) in E:\dff文件\C#文件\Core\WebCore\WebCore\Intrceptors\CoreTranAop.cs:line 25
   at Castle.DynamicProxy.AbstractInvocation.Proceed()
   at WebCore.AOP.CoreLogAOP.Intercept(IInvocation invocation) in E:\dff文件\C#文件\Core\WebCore\WebCore\Intrceptors\CoreLogAOP.cs:line 28】
执行时间：2019-09-09 23:43:22:566;执行方法：AdvertisementService.Add(model);【执行错误，错误原因：Object reference not set to an instance of an object.,错误行：   at WebCore.Intrceptors.CoreTranAOP.Intercept(IInvocation invocation) in E:\dff文件\C#文件\Core\WebCore\WebCore\Intrceptors\CoreTranAop.cs:line 25
   at Castle.DynamicProxy.AbstractInvocation.Proceed()
   at WebCore.AOP.CoreLogAOP.Intercept(IInvocation invocation) in E:\dff文件\C#文件\Core\WebCore\WebCore\Intrceptors\CoreLogAOP.cs:line 28】
执行时间：2019-09-09 23:54:03:649;执行方法：AdvertisementService.Add(model)
执行时间：2019-09-09 23:57:09:207;执行方法：AdvertisementService.Add(model)
